c:\users\johnpeter\documents\visual studio 2013\projects\solo_project\solo_project\debug\vc120.pdb
c:\users\johnpeter\documents\visual studio 2013\projects\solo_project\solo_project\debug\vc120.idb
c:\users\johnpeter\documents\visual studio 2013\projects\solo_project\solo_project\debug\bullet.obj
c:\users\johnpeter\documents\visual studio 2013\projects\solo_project\solo_project\debug\collisiongrid.obj
c:\users\johnpeter\documents\visual studio 2013\projects\solo_project\solo_project\debug\enemy.obj
c:\users\johnpeter\documents\visual studio 2013\projects\solo_project\solo_project\debug\entity.obj
c:\users\johnpeter\documents\visual studio 2013\projects\solo_project\solo_project\debug\explosion.obj
c:\users\johnpeter\documents\visual studio 2013\projects\solo_project\solo_project\debug\game.obj
c:\users\johnpeter\documents\visual studio 2013\projects\solo_project\solo_project\debug\input.obj
c:\users\johnpeter\documents\visual studio 2013\projects\solo_project\solo_project\debug\main.obj
c:\users\johnpeter\documents\visual studio 2013\projects\solo_project\solo_project\debug\movement.obj
c:\users\johnpeter\documents\visual studio 2013\projects\solo_project\solo_project\debug\player.obj
c:\users\johnpeter\documents\visual studio 2013\projects\solo_project\solo_project\debug\scene.obj
c:\users\johnpeter\documents\visual studio 2013\projects\solo_project\solo_project\debug\scenegame.obj
c:\users\johnpeter\documents\visual studio 2013\projects\solo_project\solo_project\debug\texturemanager.obj
c:\users\johnpeter\documents\visual studio 2013\projects\solo_project\solo_project\debug\weapon.obj
c:\users\johnpeter\documents\visual studio 2013\projects\solo_project\solo_project\debug\weaponmanager.obj
c:\users\johnpeter\documents\visual studio 2013\projects\solo_project\solo_project\debug\spawner.obj
c:\users\johnpeter\documents\visual studio 2013\projects\solo_project\solo_project\debug\pickup.obj
c:\users\johnpeter\documents\visual studio 2013\projects\solo_project\solo_project\debug\scenetitle.obj
c:\users\johnpeter\documents\visual studio 2013\projects\solo_project\solo_project\debug\soundplayer.obj
c:\users\johnpeter\documents\visual studio 2013\projects\solo_project\debug\solo_project.pdb
c:\users\johnpeter\documents\visual studio 2013\projects\solo_project\debug\solo_project.ilk
c:\users\johnpeter\documents\visual studio 2013\projects\solo_project\solo_project\debug\solo_project.tlog\cl.command.1.tlog
c:\users\johnpeter\documents\visual studio 2013\projects\solo_project\solo_project\debug\solo_project.tlog\cl.read.1.tlog
c:\users\johnpeter\documents\visual studio 2013\projects\solo_project\solo_project\debug\solo_project.tlog\cl.write.1.tlog
c:\users\johnpeter\documents\visual studio 2013\projects\solo_project\solo_project\debug\solo_project.tlog\link.command.1.tlog
c:\users\johnpeter\documents\visual studio 2013\projects\solo_project\solo_project\debug\solo_project.tlog\link.read.1.tlog
c:\users\johnpeter\documents\visual studio 2013\projects\solo_project\solo_project\debug\solo_project.tlog\link.write.1.tlog
