Build started 6/3/2015 9:27:43 AM.
     1>Project "C:\Users\JohnPeter\Documents\Visual Studio 2013\Projects\Solo_Project\Solo_Project\Solo_Project.vcxproj" on node 2 (Build target(s)).
     1>ClCompile:
         C:\Program Files (x86)\Microsoft Visual Studio 12.0\VC\bin\CL.exe /c /I"C:\Users\JohnPeter\Documents\Visual Studio 2013\Projects\Solo_Project\/SFML-2.1/include" /ZI /nologo /W3 /WX- /sdl /Od /Oy- /D _MBCS /Gm /EHsc /RTC1 /MDd /GS /fp:precise /Zc:wchar_t /Zc:forScope /Fo"Debug\\" /Fd"Debug\vc120.pdb" /Gd /TP /analyze- /errorReport:prompt boss.cpp bullet.cpp enemy.cpp enemyTerrain.cpp explosion.cpp main.cpp movement.cpp pickup.cpp player.cpp sceneGame.cpp sceneTitle.cpp spawner.cpp terrain.cpp weapon.cpp
         sceneGame.cpp
     1>c:\users\johnpeter\documents\visual studio 2013\projects\solo_project\solo_project\entity.hpp(174): warning C4150: deletion of pointer to incomplete type 'Weapon'; no destructor called
                 c:\users\johnpeter\documents\visual studio 2013\projects\solo_project\solo_project\entity.hpp(27) : see declaration of 'Weapon'
     1>c:\users\johnpeter\documents\visual studio 2013\projects\solo_project\solo_project\scenegame.cpp(31): warning C4244: 'argument' : conversion from 'double' to 'int', possible loss of data
     1>c:\users\johnpeter\documents\visual studio 2013\projects\solo_project\solo_project\scenegame.cpp(323): warning C4244: '=' : conversion from 'float' to 'int', possible loss of data
     1>c:\users\johnpeter\documents\visual studio 2013\projects\solo_project\solo_project\scenegame.cpp(326): warning C4244: '=' : conversion from 'float' to 'int', possible loss of data
     1>c:\users\johnpeter\documents\visual studio 2013\projects\solo_project\solo_project\scenegame.cpp(418): warning C4244: 'argument' : conversion from 'float' to 'int', possible loss of data
     1>c:\users\johnpeter\documents\visual studio 2013\projects\solo_project\solo_project\scenegame.cpp(924): warning C4305: 'initializing' : truncation from 'double' to 'float'
     1>c:\users\johnpeter\documents\visual studio 2013\projects\solo_project\solo_project\scenegame.cpp(936): warning C4244: 'argument' : conversion from 'int' to 'float', possible loss of data
     1>c:\users\johnpeter\documents\visual studio 2013\projects\solo_project\solo_project\scenegame.cpp(943): warning C4244: 'argument' : conversion from 'int' to 'float', possible loss of data
     1>c:\users\johnpeter\documents\visual studio 2013\projects\solo_project\solo_project\scenegame.cpp(1019): warning C4018: '<' : signed/unsigned mismatch
         Generating Code...
         Compiling...
         weapon.cpp
     1>c:\users\johnpeter\documents\visual studio 2013\projects\solo_project\solo_project\entity.hpp(174): warning C4150: deletion of pointer to incomplete type 'Weapon'; no destructor called
                 c:\users\johnpeter\documents\visual studio 2013\projects\solo_project\solo_project\entity.hpp(27) : see declaration of 'Weapon'
     1>c:\users\johnpeter\documents\visual studio 2013\projects\solo_project\solo_project\weapon.cpp(310): warning C4018: '<' : signed/unsigned mismatch
     1>c:\users\johnpeter\documents\visual studio 2013\projects\solo_project\solo_project\weapon.cpp(335): warning C4018: '<' : signed/unsigned mismatch
         terrain.cpp
     1>c:\users\johnpeter\documents\visual studio 2013\projects\solo_project\solo_project\entity.hpp(174): warning C4150: deletion of pointer to incomplete type 'Weapon'; no destructor called
                 c:\users\johnpeter\documents\visual studio 2013\projects\solo_project\solo_project\entity.hpp(27) : see declaration of 'Weapon'
         spawner.cpp
     1>c:\users\johnpeter\documents\visual studio 2013\projects\solo_project\solo_project\entity.hpp(174): warning C4150: deletion of pointer to incomplete type 'Weapon'; no destructor called
                 c:\users\johnpeter\documents\visual studio 2013\projects\solo_project\solo_project\entity.hpp(27) : see declaration of 'Weapon'
         sceneTitle.cpp
     1>c:\users\johnpeter\documents\visual studio 2013\projects\solo_project\solo_project\entity.hpp(174): warning C4150: deletion of pointer to incomplete type 'Weapon'; no destructor called
                 c:\users\johnpeter\documents\visual studio 2013\projects\solo_project\solo_project\entity.hpp(27) : see declaration of 'Weapon'
         player.cpp
     1>c:\users\johnpeter\documents\visual studio 2013\projects\solo_project\solo_project\entity.hpp(174): warning C4150: deletion of pointer to incomplete type 'Weapon'; no destructor called
                 c:\users\johnpeter\documents\visual studio 2013\projects\solo_project\solo_project\entity.hpp(27) : see declaration of 'Weapon'
     1>c:\users\johnpeter\documents\visual studio 2013\projects\solo_project\solo_project\player.cpp(63): warning C4305: 'initializing' : truncation from 'double' to 'float'
         pickup.cpp
     1>c:\users\johnpeter\documents\visual studio 2013\projects\solo_project\solo_project\entity.hpp(174): warning C4150: deletion of pointer to incomplete type 'Weapon'; no destructor called
                 c:\users\johnpeter\documents\visual studio 2013\projects\solo_project\solo_project\entity.hpp(27) : see declaration of 'Weapon'
         movement.cpp
     1>c:\users\johnpeter\documents\visual studio 2013\projects\solo_project\solo_project\entity.hpp(174): warning C4150: deletion of pointer to incomplete type 'Weapon'; no destructor called
                 c:\users\johnpeter\documents\visual studio 2013\projects\solo_project\solo_project\entity.hpp(27) : see declaration of 'Weapon'
     1>c:\users\johnpeter\documents\visual studio 2013\projects\solo_project\solo_project\movement.cpp(129): warning C4018: '<' : signed/unsigned mismatch
     1>c:\users\johnpeter\documents\visual studio 2013\projects\solo_project\solo_project\movement.cpp(169): warning C4305: 'initializing' : truncation from 'double' to 'float'
     1>c:\users\johnpeter\documents\visual studio 2013\projects\solo_project\solo_project\movement.cpp(190): warning C4305: 'initializing' : truncation from 'double' to 'float'
     1>c:\users\johnpeter\documents\visual studio 2013\projects\solo_project\solo_project\movement.cpp(208): warning C4305: 'initializing' : truncation from 'double' to 'float'
     1>c:\users\johnpeter\documents\visual studio 2013\projects\solo_project\solo_project\movement.cpp(243): warning C4305: 'initializing' : truncation from 'double' to 'float'
     1>c:\users\johnpeter\documents\visual studio 2013\projects\solo_project\solo_project\movement.cpp(308): warning C4244: '=' : conversion from 'float' to 'int', possible loss of data
     1>c:\users\johnpeter\documents\visual studio 2013\projects\solo_project\solo_project\movement.cpp(319): warning C4305: 'initializing' : truncation from 'double' to 'float'
     1>c:\users\johnpeter\documents\visual studio 2013\projects\solo_project\solo_project\movement.cpp(384): warning C4018: '<' : signed/unsigned mismatch
     1>c:\users\johnpeter\documents\visual studio 2013\projects\solo_project\solo_project\movement.cpp(388): warning C4018: '>=' : signed/unsigned mismatch
         main.cpp
     1>c:\users\johnpeter\documents\visual studio 2013\projects\solo_project\solo_project\entity.hpp(174): warning C4150: deletion of pointer to incomplete type 'Weapon'; no destructor called
                 c:\users\johnpeter\documents\visual studio 2013\projects\solo_project\solo_project\entity.hpp(27) : see declaration of 'Weapon'
     1>c:\users\johnpeter\documents\visual studio 2013\projects\solo_project\solo_project\main.cpp(17): warning C4244: 'argument' : conversion from 'time_t' to 'unsigned int', possible loss of data
         explosion.cpp
     1>c:\users\johnpeter\documents\visual studio 2013\projects\solo_project\solo_project\entity.hpp(174): warning C4150: deletion of pointer to incomplete type 'Weapon'; no destructor called
                 c:\users\johnpeter\documents\visual studio 2013\projects\solo_project\solo_project\entity.hpp(27) : see declaration of 'Weapon'
         enemyTerrain.cpp
     1>c:\users\johnpeter\documents\visual studio 2013\projects\solo_project\solo_project\entity.hpp(174): warning C4150: deletion of pointer to incomplete type 'Weapon'; no destructor called
                 c:\users\johnpeter\documents\visual studio 2013\projects\solo_project\solo_project\entity.hpp(27) : see declaration of 'Weapon'
         enemy.cpp
     1>c:\users\johnpeter\documents\visual studio 2013\projects\solo_project\solo_project\entity.hpp(174): warning C4150: deletion of pointer to incomplete type 'Weapon'; no destructor called
                 c:\users\johnpeter\documents\visual studio 2013\projects\solo_project\solo_project\entity.hpp(27) : see declaration of 'Weapon'
         bullet.cpp
     1>c:\users\johnpeter\documents\visual studio 2013\projects\solo_project\solo_project\entity.hpp(174): warning C4150: deletion of pointer to incomplete type 'Weapon'; no destructor called
                 c:\users\johnpeter\documents\visual studio 2013\projects\solo_project\solo_project\entity.hpp(27) : see declaration of 'Weapon'
     1>c:\users\johnpeter\documents\visual studio 2013\projects\solo_project\solo_project\bullet.cpp(63): warning C4305: 'initializing' : truncation from 'double' to 'float'
         boss.cpp
     1>c:\users\johnpeter\documents\visual studio 2013\projects\solo_project\solo_project\entity.hpp(174): warning C4150: deletion of pointer to incomplete type 'Weapon'; no destructor called
                 c:\users\johnpeter\documents\visual studio 2013\projects\solo_project\solo_project\entity.hpp(27) : see declaration of 'Weapon'
     1>c:\users\johnpeter\documents\visual studio 2013\projects\solo_project\solo_project\boss.cpp(36): warning C4244: 'initializing' : conversion from 'float' to 'sf::Uint8', possible loss of data
     1>c:\users\johnpeter\documents\visual studio 2013\projects\solo_project\solo_project\boss.cpp(91): warning C4018: '<' : signed/unsigned mismatch
         Generating Code...
       Link:
         C:\Program Files (x86)\Microsoft Visual Studio 12.0\VC\bin\link.exe /ERRORREPORT:PROMPT /OUT:"C:\Users\JohnPeter\Documents\Visual Studio 2013\Projects\Solo_Project\Debug\Solo_Project.exe" /INCREMENTAL /NOLOGO /LIBPATH:"C:\Users\JohnPeter\Documents\Visual Studio 2013\Projects\Solo_Project\/SFML-2.1/lib" "sfml-main-d.lib" "sfml-graphics-d.lib" "sfml-window-d.lib" "sfml-system-d.lib" "sfml-audio-d.lib" "sfml-network-d.lib" kernel32.lib user32.lib gdi32.lib winspool.lib comdlg32.lib advapi32.lib shell32.lib ole32.lib oleaut32.lib uuid.lib odbc32.lib odbccp32.lib /MANIFEST /MANIFESTUAC:"level='asInvoker' uiAccess='false'" /manifest:embed /DEBUG /PDB:"C:\Users\JohnPeter\Documents\Visual Studio 2013\Projects\Solo_Project\Debug\Solo_Project.pdb" /TLBID:1 /DYNAMICBASE /NXCOMPAT /IMPLIB:"C:\Users\JohnPeter\Documents\Visual Studio 2013\Projects\Solo_Project\Debug\Solo_Project.lib" /MACHINE:X86 Debug\boss.obj
         Debug\bullet.obj
         Debug\collisionGrid.obj
         Debug\enemy.obj
         Debug\enemyTerrain.obj
         Debug\entity.obj
         Debug\explosion.obj
         Debug\game.obj
         Debug\input.obj
         Debug\main.obj
         Debug\movement.obj
         Debug\pickup.obj
         Debug\player.obj
         Debug\scene.obj
         Debug\sceneGame.obj
         Debug\sceneTitle.obj
         Debug\soundPlayer.obj
         Debug\spawner.obj
         Debug\terrain.obj
         Debug\textureManager.obj
         Debug\weapon.obj
         Solo_Project.vcxproj -> C:\Users\JohnPeter\Documents\Visual Studio 2013\Projects\Solo_Project\Debug\Solo_Project.exe
     1>Done Building Project "C:\Users\JohnPeter\Documents\Visual Studio 2013\Projects\Solo_Project\Solo_Project\Solo_Project.vcxproj" (Build target(s)).

Build succeeded.

Time Elapsed 00:00:17.22
