c:\users\johnpeter\documents\visual studio 2013\projects\solo_project\solo_project\release\vc120.pdb
c:\users\johnpeter\documents\visual studio 2013\projects\solo_project\solo_project\release\terrain.obj
c:\users\johnpeter\documents\visual studio 2013\projects\solo_project\solo_project\release\spawner.obj
c:\users\johnpeter\documents\visual studio 2013\projects\solo_project\solo_project\release\soundplayer.obj
c:\users\johnpeter\documents\visual studio 2013\projects\solo_project\solo_project\release\scenetitle.obj
c:\users\johnpeter\documents\visual studio 2013\projects\solo_project\solo_project\release\scenegame.obj
c:\users\johnpeter\documents\visual studio 2013\projects\solo_project\solo_project\release\scene.obj
c:\users\johnpeter\documents\visual studio 2013\projects\solo_project\solo_project\release\player.obj
c:\users\johnpeter\documents\visual studio 2013\projects\solo_project\solo_project\release\pickup.obj
c:\users\johnpeter\documents\visual studio 2013\projects\solo_project\solo_project\release\particle_animated.obj
c:\users\johnpeter\documents\visual studio 2013\projects\solo_project\solo_project\release\movement.obj
c:\users\johnpeter\documents\visual studio 2013\projects\solo_project\solo_project\release\main.obj
c:\users\johnpeter\documents\visual studio 2013\projects\solo_project\solo_project\release\input.obj
c:\users\johnpeter\documents\visual studio 2013\projects\solo_project\solo_project\release\game.obj
c:\users\johnpeter\documents\visual studio 2013\projects\solo_project\solo_project\release\explosion.obj
c:\users\johnpeter\documents\visual studio 2013\projects\solo_project\solo_project\release\entity.obj
c:\users\johnpeter\documents\visual studio 2013\projects\solo_project\solo_project\release\enemyterrain.obj
c:\users\johnpeter\documents\visual studio 2013\projects\solo_project\solo_project\release\enemy.obj
c:\users\johnpeter\documents\visual studio 2013\projects\solo_project\solo_project\release\collisiongrid.obj
c:\users\johnpeter\documents\visual studio 2013\projects\solo_project\solo_project\release\bullet.obj
c:\users\johnpeter\documents\visual studio 2013\projects\solo_project\solo_project\release\boss.obj
c:\users\johnpeter\documents\visual studio 2013\projects\solo_project\solo_project\release\weapon.obj
c:\users\johnpeter\documents\visual studio 2013\projects\solo_project\solo_project\release\texturemanager.obj
c:\users\johnpeter\documents\visual studio 2013\projects\solo_project\release\solo_project.exe
c:\users\johnpeter\documents\visual studio 2013\projects\solo_project\release\solo_project.pdb
c:\users\johnpeter\documents\visual studio 2013\projects\solo_project\solo_project\release\solo_project.tlog\cl.command.1.tlog
c:\users\johnpeter\documents\visual studio 2013\projects\solo_project\solo_project\release\solo_project.tlog\cl.read.1.tlog
c:\users\johnpeter\documents\visual studio 2013\projects\solo_project\solo_project\release\solo_project.tlog\cl.write.1.tlog
c:\users\johnpeter\documents\visual studio 2013\projects\solo_project\solo_project\release\solo_project.tlog\link.command.1.tlog
c:\users\johnpeter\documents\visual studio 2013\projects\solo_project\solo_project\release\solo_project.tlog\link.read.1.tlog
c:\users\johnpeter\documents\visual studio 2013\projects\solo_project\solo_project\release\solo_project.tlog\link.write.1.tlog
